2024-12-30 16:56:51.673  INFO 24272 --- [restartedMain] com.adplatform.AdPlatformApplication     : Starting AdPlatformApplication using Java 17.0.9 on LAPTOP-AIJ8OTD3 with PID 24272 (D:\ads\target\classes started by lenovo in D:\ads)
2024-12-30 16:56:51.678 DEBUG 24272 --- [restartedMain] com.adplatform.AdPlatformApplication     : Running with Spring Boot v2.7.5, Spring v5.3.23
2024-12-30 16:56:51.679  INFO 24272 --- [restartedMain] com.adplatform.AdPlatformApplication     : The following 1 profile is active: "dev"
2024-12-30 16:56:51.721  INFO 24272 --- [restartedMain] .e.DevToolsPropertyDefaultsPostProcessor : Devtools property defaults active! Set 'spring.devtools.add-properties' to 'false' to disable
2024-12-30 16:56:51.722  INFO 24272 --- [restartedMain] .e.DevToolsPropertyDefaultsPostProcessor : For additional web related logging consider setting the 'logging.level.web' property to 'DEBUG'
2024-12-30 16:56:52.341  INFO 24272 --- [restartedMain] .s.d.r.c.RepositoryConfigurationDelegate : Multiple Spring Data modules found, entering strict repository configuration mode
2024-12-30 16:56:52.342  INFO 24272 --- [restartedMain] .s.d.r.c.RepositoryConfigurationDelegate : Bootstrapping Spring Data Redis repositories in DEFAULT mode.
2024-12-30 16:56:52.362  INFO 24272 --- [restartedMain] .s.d.r.c.RepositoryConfigurationDelegate : Finished Spring Data repository scanning in 9 ms. Found 0 Redis repository interfaces.
2024-12-30 16:56:52.827  INFO 24272 --- [restartedMain] o.s.b.w.embedded.tomcat.TomcatWebServer  : Tomcat initialized with port(s): 8181 (http)
2024-12-30 16:56:52.835  INFO 24272 --- [restartedMain] o.apache.catalina.core.StandardService   : Starting service [Tomcat]
2024-12-30 16:56:52.835  INFO 24272 --- [restartedMain] org.apache.catalina.core.StandardEngine  : Starting Servlet engine: [Apache Tomcat/9.0.68]
2024-12-30 16:56:52.915  INFO 24272 --- [restartedMain] o.a.c.c.C.[Tomcat].[localhost].[/api]    : Initializing Spring embedded WebApplicationContext
2024-12-30 16:56:52.915  INFO 24272 --- [restartedMain] w.s.c.ServletWebServerApplicationContext : Root WebApplicationContext: initialization completed in 1193 ms
2024-12-30 16:56:53.268 DEBUG 24272 --- [restartedMain] c.a.m.u.s.JwtAuthenticationFilter        : Filter 'jwtAuthenticationFilter' configured for use
2024-12-30 16:56:54.149  INFO 24272 --- [restartedMain] pertySourcedRequestMappingHandlerMapping : Mapped URL path [/v2/api-docs] onto method [springfox.documentation.swagger2.web.Swagger2Controller#getDocumentation(String, HttpServletRequest)]
2024-12-30 16:56:54.220  WARN 24272 --- [restartedMain] o.s.s.c.a.web.builders.WebSecurity       : You are asking Spring Security to ignore Ant [pattern='/']. This is not recommended -- please use permitAll via HttpSecurity#authorizeHttpRequests instead.
2024-12-30 16:56:54.221  INFO 24272 --- [restartedMain] o.s.s.web.DefaultSecurityFilterChain     : Will not secure Ant [pattern='/']
2024-12-30 16:56:54.221  WARN 24272 --- [restartedMain] o.s.s.c.a.web.builders.WebSecurity       : You are asking Spring Security to ignore Ant [pattern='/*.html']. This is not recommended -- please use permitAll via HttpSecurity#authorizeHttpRequests instead.
2024-12-30 16:56:54.221  INFO 24272 --- [restartedMain] o.s.s.web.DefaultSecurityFilterChain     : Will not secure Ant [pattern='/*.html']
2024-12-30 16:56:54.221  WARN 24272 --- [restartedMain] o.s.s.c.a.web.builders.WebSecurity       : You are asking Spring Security to ignore Ant [pattern='/css/**']. This is not recommended -- please use permitAll via HttpSecurity#authorizeHttpRequests instead.
2024-12-30 16:56:54.221  INFO 24272 --- [restartedMain] o.s.s.web.DefaultSecurityFilterChain     : Will not secure Ant [pattern='/css/**']
2024-12-30 16:56:54.221  WARN 24272 --- [restartedMain] o.s.s.c.a.web.builders.WebSecurity       : You are asking Spring Security to ignore Ant [pattern='/js/**']. This is not recommended -- please use permitAll via HttpSecurity#authorizeHttpRequests instead.
2024-12-30 16:56:54.221  INFO 24272 --- [restartedMain] o.s.s.web.DefaultSecurityFilterChain     : Will not secure Ant [pattern='/js/**']
2024-12-30 16:56:54.221  WARN 24272 --- [restartedMain] o.s.s.c.a.web.builders.WebSecurity       : You are asking Spring Security to ignore Ant [pattern='/img/**']. This is not recommended -- please use permitAll via HttpSecurity#authorizeHttpRequests instead.
2024-12-30 16:56:54.221  INFO 24272 --- [restartedMain] o.s.s.web.DefaultSecurityFilterChain     : Will not secure Ant [pattern='/img/**']
2024-12-30 16:56:54.221  WARN 24272 --- [restartedMain] o.s.s.c.a.web.builders.WebSecurity       : You are asking Spring Security to ignore Ant [pattern='/fonts/**']. This is not recommended -- please use permitAll via HttpSecurity#authorizeHttpRequests instead.
2024-12-30 16:56:54.221  INFO 24272 --- [restartedMain] o.s.s.web.DefaultSecurityFilterChain     : Will not secure Ant [pattern='/fonts/**']
2024-12-30 16:56:54.221  WARN 24272 --- [restartedMain] o.s.s.c.a.web.builders.WebSecurity       : You are asking Spring Security to ignore Ant [pattern='/favicon.ico']. This is not recommended -- please use permitAll via HttpSecurity#authorizeHttpRequests instead.
2024-12-30 16:56:54.221  INFO 24272 --- [restartedMain] o.s.s.web.DefaultSecurityFilterChain     : Will not secure Ant [pattern='/favicon.ico']
2024-12-30 16:56:54.221  WARN 24272 --- [restartedMain] o.s.s.c.a.web.builders.WebSecurity       : You are asking Spring Security to ignore Ant [pattern='/material/**']. This is not recommended -- please use permitAll via HttpSecurity#authorizeHttpRequests instead.
2024-12-30 16:56:54.221  INFO 24272 --- [restartedMain] o.s.s.web.DefaultSecurityFilterChain     : Will not secure Ant [pattern='/material/**']
2024-12-30 16:56:54.221  WARN 24272 --- [restartedMain] o.s.s.c.a.web.builders.WebSecurity       : You are asking Spring Security to ignore Ant [pattern='/site/**']. This is not recommended -- please use permitAll via HttpSecurity#authorizeHttpRequests instead.
2024-12-30 16:56:54.222  INFO 24272 --- [restartedMain] o.s.s.web.DefaultSecurityFilterChain     : Will not secure Ant [pattern='/site/**']
2024-12-30 16:56:54.222  WARN 24272 --- [restartedMain] o.s.s.c.a.web.builders.WebSecurity       : You are asking Spring Security to ignore Ant [pattern='/admin/**']. This is not recommended -- please use permitAll via HttpSecurity#authorizeHttpRequests instead.
2024-12-30 16:56:54.222  INFO 24272 --- [restartedMain] o.s.s.web.DefaultSecurityFilterChain     : Will not secure Ant [pattern='/admin/**']
2024-12-30 16:56:54.222  WARN 24272 --- [restartedMain] o.s.s.c.a.web.builders.WebSecurity       : You are asking Spring Security to ignore Ant [pattern='/advertiser/**']. This is not recommended -- please use permitAll via HttpSecurity#authorizeHttpRequests instead.
2024-12-30 16:56:54.222  INFO 24272 --- [restartedMain] o.s.s.web.DefaultSecurityFilterChain     : Will not secure Ant [pattern='/advertiser/**']
2024-12-30 16:56:54.222  WARN 24272 --- [restartedMain] o.s.s.c.a.web.builders.WebSecurity       : You are asking Spring Security to ignore Ant [pattern='/publisher/**']. This is not recommended -- please use permitAll via HttpSecurity#authorizeHttpRequests instead.
2024-12-30 16:56:54.222  INFO 24272 --- [restartedMain] o.s.s.web.DefaultSecurityFilterChain     : Will not secure Ant [pattern='/publisher/**']
2024-12-30 16:56:54.238  INFO 24272 --- [restartedMain] o.s.s.web.DefaultSecurityFilterChain     : Will secure any request with [org.springframework.security.web.session.DisableEncodeUrlFilter@12dde4eb, org.springframework.security.web.context.request.async.WebAsyncManagerIntegrationFilter@7b0d6710, org.springframework.security.web.context.SecurityContextPersistenceFilter@531e6c59, org.springframework.security.web.header.HeaderWriterFilter@32379af2, org.springframework.web.filter.CorsFilter@7aa98cf4, org.springframework.security.web.authentication.logout.LogoutFilter@7528d136, com.adplatform.module.user.security.JwtAuthenticationFilter@acefae8, org.springframework.security.web.savedrequest.RequestCacheAwareFilter@40773711, org.springframework.security.web.servletapi.SecurityContextHolderAwareRequestFilter@70fa0221, org.springframework.security.web.authentication.AnonymousAuthenticationFilter@3196f6d0, org.springframework.security.web.session.SessionManagementFilter@57d4a4b1, org.springframework.security.web.access.ExceptionTranslationFilter@7f4fe69b, org.springframework.security.web.access.intercept.FilterSecurityInterceptor@5e2bf1d4]
2024-12-30 16:56:54.297  INFO 24272 --- [restartedMain] o.s.b.d.a.OptionalLiveReloadServer       : LiveReload server is running on port 35729
2024-12-30 16:56:54.316  INFO 24272 --- [restartedMain] o.s.b.a.w.s.WelcomePageHandlerMapping    : Adding welcome page: class path resource [static/index.html]
2024-12-30 16:56:54.538  INFO 24272 --- [restartedMain] o.s.b.w.embedded.tomcat.TomcatWebServer  : Tomcat started on port(s): 8181 (http) with context path '/api'
2024-12-30 16:56:54.539  INFO 24272 --- [restartedMain] d.s.w.p.DocumentationPluginsBootstrapper : Context refreshed
2024-12-30 16:56:54.547  INFO 24272 --- [restartedMain] d.s.w.p.DocumentationPluginsBootstrapper : Found 1 custom documentation plugin(s)
2024-12-30 16:56:54.583  INFO 24272 --- [restartedMain] s.d.s.w.s.ApiListingReferenceScanner     : Scanning for api listing references
2024-12-30 16:56:54.711  INFO 24272 --- [restartedMain] .d.s.w.r.o.CachingOperationNameGenerator : Generating unique operation named: deleteUsingDELETE_1
2024-12-30 16:56:54.712  INFO 24272 --- [restartedMain] .d.s.w.r.o.CachingOperationNameGenerator : Generating unique operation named: getByIdUsingGET_1
2024-12-30 16:56:54.748  INFO 24272 --- [restartedMain] com.adplatform.AdPlatformApplication     : Started AdPlatformApplication in 3.32 seconds (JVM running for 4.19)
2024-12-30 16:56:54.750  INFO 24272 --- [restartedMain] c.a.module.user.config.AdminInitializer  : 开始初始化管理员账号...
2024-12-30 16:56:54.753  INFO 24272 --- [restartedMain] com.zaxxer.hikari.HikariDataSource       : HikariPool-1 - Starting...
2024-12-30 16:56:55.077  INFO 24272 --- [restartedMain] com.zaxxer.hikari.HikariDataSource       : HikariPool-1 - Start completed.
2024-12-30 16:56:55.120  WARN 24272 --- [restartedMain] c.b.m.c.t.support.ReflectLambdaMeta      : Unable to make field private final java.lang.Class java.lang.invoke.SerializedLambda.capturingClass accessible: module java.base does not "opens java.lang.invoke" to unnamed module @71d44a3
2024-12-30 16:56:55.216  INFO 24272 --- [restartedMain] c.a.m.user.service.AdminInitService      : 管理员账号已存在，无需初始化
2024-12-30 16:56:55.239  INFO 24272 --- [restartedMain] c.a.module.user.config.AdminInitializer  : 管理员账号初始化完成
2024-12-30 16:57:15.682  INFO 24272 --- [http-nio-8181-exec-1] o.a.c.c.C.[Tomcat].[localhost].[/api]    : Initializing Spring DispatcherServlet 'dispatcherServlet'
2024-12-30 16:57:15.682  INFO 24272 --- [http-nio-8181-exec-1] o.s.web.servlet.DispatcherServlet        : Initializing Servlet 'dispatcherServlet'
2024-12-30 16:57:15.683  INFO 24272 --- [http-nio-8181-exec-1] o.s.web.servlet.DispatcherServlet        : Completed initialization in 1 ms
2024-12-30 16:57:15.726 ERROR 24272 --- [http-nio-8181-exec-1] c.a.m.user.security.JwtTokenProvider     : 过期的JWT令牌
2024-12-30 16:57:29.517  INFO 24272 --- [http-nio-8181-exec-2] c.a.m.user.controller.AuthController     : 收到登录请求，用户名: admin1
2024-12-30 16:57:29.533  INFO 24272 --- [http-nio-8181-exec-2] c.a.m.user.service.impl.UserServiceImpl  : 用户开始登录，用户名: admin1
2024-12-30 16:57:29.706  INFO 24272 --- [http-nio-8181-exec-2] c.a.m.u.security.UserDetailsServiceImpl  : 开始加载用户详情，用户名: admin1
2024-12-30 16:57:29.741  INFO 24272 --- [http-nio-8181-exec-2] c.a.m.u.security.UserDetailsServiceImpl  : 用户详情加载成功，用户ID: 1
2024-12-30 16:57:29.915  INFO 24272 --- [http-nio-8181-exec-2] c.a.m.user.service.impl.UserServiceImpl  : 用户登录成功，生成token
2024-12-30 16:57:29.948  INFO 24272 --- [http-nio-8181-exec-2] c.a.m.user.service.impl.UserServiceImpl  : 用户登录成功，用户ID: 1
2024-12-30 16:57:29.949  INFO 24272 --- [http-nio-8181-exec-2] c.a.m.user.controller.AuthController     : 登录成功，用户ID: 1
2024-12-30 16:57:29.998  INFO 24272 --- [http-nio-8181-exec-3] c.a.m.u.security.UserDetailsServiceImpl  : 开始加载用户详情，用户名: admin1
2024-12-30 16:57:30.017  INFO 24272 --- [http-nio-8181-exec-3] c.a.m.u.security.UserDetailsServiceImpl  : 用户详情加载成功，用户ID: 1
2024-12-30 16:57:30.034  INFO 24272 --- [http-nio-8181-exec-3] c.a.m.user.controller.UserController     : 接收到获取当前用户信息请求，用户ID: 1
2024-12-30 16:57:30.035  INFO 24272 --- [http-nio-8181-exec-3] c.a.m.user.service.impl.UserServiceImpl  : 开始获取用户信息，用户ID: 1
2024-12-30 16:57:30.051  INFO 24272 --- [http-nio-8181-exec-3] c.a.m.user.service.impl.UserServiceImpl  : 获取用户信息成功，用户ID: 1
2024-12-30 16:57:30.052  INFO 24272 --- [http-nio-8181-exec-3] c.a.m.user.controller.UserController     : 获取当前用户信息成功，用户ID: 1
2024-12-30 16:57:33.242  INFO 24272 --- [http-nio-8181-exec-4] c.a.m.u.security.UserDetailsServiceImpl  : 开始加载用户详情，用户名: admin1
2024-12-30 16:57:33.273  INFO 24272 --- [http-nio-8181-exec-4] c.a.m.u.security.UserDetailsServiceImpl  : 用户详情加载成功，用户ID: 1
2024-12-30 16:57:39.662  INFO 24272 --- [http-nio-8181-exec-7] c.a.m.u.security.UserDetailsServiceImpl  : 开始加载用户详情，用户名: admin1
2024-12-30 16:57:39.693  INFO 24272 --- [http-nio-8181-exec-7] c.a.m.u.security.UserDetailsServiceImpl  : 用户详情加载成功，用户ID: 1
2024-12-30 16:57:41.804  INFO 24272 --- [http-nio-8181-exec-6] c.a.m.u.security.UserDetailsServiceImpl  : 开始加载用户详情，用户名: admin1
2024-12-30 16:57:41.844  INFO 24272 --- [http-nio-8181-exec-6] c.a.m.u.security.UserDetailsServiceImpl  : 用户详情加载成功，用户ID: 1
2024-12-30 16:57:45.063  INFO 24272 --- [http-nio-8181-exec-5] c.a.m.u.security.UserDetailsServiceImpl  : 开始加载用户详情，用户名: admin1
2024-12-30 16:57:45.095  INFO 24272 --- [http-nio-8181-exec-5] c.a.m.u.security.UserDetailsServiceImpl  : 用户详情加载成功，用户ID: 1
2024-12-30 16:57:47.392  INFO 24272 --- [http-nio-8181-exec-10] c.a.m.u.security.UserDetailsServiceImpl  : 开始加载用户详情，用户名: admin1
2024-12-30 16:57:47.430  INFO 24272 --- [http-nio-8181-exec-10] c.a.m.u.security.UserDetailsServiceImpl  : 用户详情加载成功，用户ID: 1
2024-12-30 16:57:56.566  INFO 24272 --- [http-nio-8181-exec-9] c.a.m.u.security.UserDetailsServiceImpl  : 开始加载用户详情，用户名: admin1
2024-12-30 16:57:56.602  INFO 24272 --- [http-nio-8181-exec-9] c.a.m.u.security.UserDetailsServiceImpl  : 用户详情加载成功，用户ID: 1
2024-12-30 16:57:58.310  INFO 24272 --- [http-nio-8181-exec-8] c.a.m.u.security.UserDetailsServiceImpl  : 开始加载用户详情，用户名: admin1
2024-12-30 16:57:58.345  INFO 24272 --- [http-nio-8181-exec-8] c.a.m.u.security.UserDetailsServiceImpl  : 用户详情加载成功，用户ID: 1
2024-12-30 16:58:46.147  INFO 24272 --- [http-nio-8181-exec-1] c.a.m.u.security.UserDetailsServiceImpl  : 开始加载用户详情，用户名: admin1
2024-12-30 16:58:46.185  INFO 24272 --- [http-nio-8181-exec-1] c.a.m.u.security.UserDetailsServiceImpl  : 用户详情加载成功，用户ID: 1
2024-12-30 16:59:00.922  INFO 24272 --- [http-nio-8181-exec-2] c.a.m.user.controller.AuthController     : 收到登录请求，用户名: zrr
2024-12-30 16:59:00.922  INFO 24272 --- [http-nio-8181-exec-2] c.a.m.user.service.impl.UserServiceImpl  : 用户开始登录，用户名: zrr
2024-12-30 16:59:00.922  INFO 24272 --- [http-nio-8181-exec-2] c.a.m.u.security.UserDetailsServiceImpl  : 开始加载用户详情，用户名: zrr
2024-12-30 16:59:00.955  INFO 24272 --- [http-nio-8181-exec-2] c.a.m.u.security.UserDetailsServiceImpl  : 用户详情加载成功，用户ID: 2
2024-12-30 16:59:01.112  INFO 24272 --- [http-nio-8181-exec-2] c.a.m.user.service.impl.UserServiceImpl  : 用户登录成功，生成token
2024-12-30 16:59:01.132  INFO 24272 --- [http-nio-8181-exec-2] c.a.m.user.service.impl.UserServiceImpl  : 用户登录成功，用户ID: 2
2024-12-30 16:59:01.133  INFO 24272 --- [http-nio-8181-exec-2] c.a.m.user.controller.AuthController     : 登录成功，用户ID: 2
2024-12-30 16:59:01.459  INFO 24272 --- [http-nio-8181-exec-3] c.a.m.u.security.UserDetailsServiceImpl  : 开始加载用户详情，用户名: zrr
2024-12-30 16:59:01.486  INFO 24272 --- [http-nio-8181-exec-3] c.a.m.u.security.UserDetailsServiceImpl  : 用户详情加载成功，用户ID: 2
2024-12-30 16:59:01.489  INFO 24272 --- [http-nio-8181-exec-3] c.a.m.user.controller.UserController     : 接收到获取当前用户信息请求，用户ID: 2
2024-12-30 16:59:01.489  INFO 24272 --- [http-nio-8181-exec-3] c.a.m.user.service.impl.UserServiceImpl  : 开始获取用户信息，用户ID: 2
2024-12-30 16:59:01.513  INFO 24272 --- [http-nio-8181-exec-3] c.a.m.user.service.impl.UserServiceImpl  : 获取用户信息成功，用户ID: 2
2024-12-30 16:59:01.513  INFO 24272 --- [http-nio-8181-exec-3] c.a.m.user.controller.UserController     : 获取当前用户信息成功，用户ID: 2
2024-12-30 16:59:04.411  INFO 24272 --- [http-nio-8181-exec-4] c.a.m.u.security.UserDetailsServiceImpl  : 开始加载用户详情，用户名: zrr
2024-12-30 16:59:04.445  INFO 24272 --- [http-nio-8181-exec-4] c.a.m.u.security.UserDetailsServiceImpl  : 用户详情加载成功，用户ID: 2
2024-12-30 16:59:06.134  INFO 24272 --- [http-nio-8181-exec-7] c.a.m.u.security.UserDetailsServiceImpl  : 开始加载用户详情，用户名: zrr
2024-12-30 16:59:06.176  INFO 24272 --- [http-nio-8181-exec-7] c.a.m.u.security.UserDetailsServiceImpl  : 用户详情加载成功，用户ID: 2
2024-12-30 16:59:06.444  INFO 24272 --- [http-nio-8181-exec-5] c.a.m.u.security.UserDetailsServiceImpl  : 开始加载用户详情，用户名: zrr
2024-12-30 16:59:06.444  INFO 24272 --- [http-nio-8181-exec-6] c.a.m.u.security.UserDetailsServiceImpl  : 开始加载用户详情，用户名: zrr
2024-12-30 16:59:06.466  INFO 24272 --- [http-nio-8181-exec-5] c.a.m.u.security.UserDetailsServiceImpl  : 用户详情加载成功，用户ID: 2
2024-12-30 16:59:06.488  INFO 24272 --- [http-nio-8181-exec-6] c.a.m.u.security.UserDetailsServiceImpl  : 用户详情加载成功，用户ID: 2
2024-12-30 16:59:10.988  INFO 24272 --- [http-nio-8181-exec-10] c.a.m.u.security.UserDetailsServiceImpl  : 开始加载用户详情，用户名: zrr
2024-12-30 16:59:11.018  INFO 24272 --- [http-nio-8181-exec-10] c.a.m.u.security.UserDetailsServiceImpl  : 用户详情加载成功，用户ID: 2
2024-12-30 16:59:13.213  INFO 24272 --- [http-nio-8181-exec-9] c.a.m.u.security.UserDetailsServiceImpl  : 开始加载用户详情，用户名: zrr
2024-12-30 16:59:13.242  INFO 24272 --- [http-nio-8181-exec-9] c.a.m.u.security.UserDetailsServiceImpl  : 用户详情加载成功，用户ID: 2
2024-12-30 16:59:14.498  INFO 24272 --- [http-nio-8181-exec-8] c.a.m.u.security.UserDetailsServiceImpl  : 开始加载用户详情，用户名: zrr
2024-12-30 16:59:14.546  INFO 24272 --- [http-nio-8181-exec-8] c.a.m.u.security.UserDetailsServiceImpl  : 用户详情加载成功，用户ID: 2
2024-12-30 16:59:30.788  INFO 24272 --- [http-nio-8181-exec-1] c.a.m.user.controller.AuthController     : 收到登录请求，用户名: zzr
2024-12-30 16:59:30.789  INFO 24272 --- [http-nio-8181-exec-1] c.a.m.user.service.impl.UserServiceImpl  : 用户开始登录，用户名: zzr
2024-12-30 16:59:30.789  INFO 24272 --- [http-nio-8181-exec-1] c.a.m.u.security.UserDetailsServiceImpl  : 开始加载用户详情，用户名: zzr
2024-12-30 16:59:30.827 ERROR 24272 --- [http-nio-8181-exec-1] c.a.m.u.security.UserDetailsServiceImpl  : 用户不存在，用户名: zzr
2024-12-30 16:59:30.980 ERROR 24272 --- [http-nio-8181-exec-1] c.a.m.user.service.impl.UserServiceImpl  : 用户登录失败，用户名: zzr, 原因: Bad credentials
2024-12-30 16:59:30.997 ERROR 24272 --- [http-nio-8181-exec-1] c.a.c.exception.GlobalExceptionHandler   : 业务异常：用户名或密码错误

com.adplatform.common.exception.BusinessException: 用户名或密码错误
	at com.adplatform.module.user.service.impl.UserServiceImpl.login(UserServiceImpl.java:100) ~[classes/:na]
	at com.adplatform.module.user.service.impl.UserServiceImpl$$FastClassBySpringCGLIB$$61e0e901.invoke(<generated>) ~[classes/:na]
	at org.springframework.cglib.proxy.MethodProxy.invoke(MethodProxy.java:218) ~[spring-core-5.3.23.jar:5.3.23]
	at org.springframework.aop.framework.CglibAopProxy.invokeMethod(CglibAopProxy.java:386) ~[spring-aop-5.3.23.jar:5.3.23]
	at org.springframework.aop.framework.CglibAopProxy.access$000(CglibAopProxy.java:85) ~[spring-aop-5.3.23.jar:5.3.23]
	at org.springframework.aop.framework.CglibAopProxy$DynamicAdvisedInterceptor.intercept(CglibAopProxy.java:704) ~[spring-aop-5.3.23.jar:5.3.23]
	at com.adplatform.module.user.service.impl.UserServiceImpl$$EnhancerBySpringCGLIB$$731a9f68.login(<generated>) ~[classes/:na]
	at com.adplatform.module.user.controller.AuthController.login(AuthController.java:72) ~[classes/:na]
	at java.base/jdk.internal.reflect.NativeMethodAccessorImpl.invoke0(Native Method) ~[na:na]
	at java.base/jdk.internal.reflect.NativeMethodAccessorImpl.invoke(NativeMethodAccessorImpl.java:77) ~[na:na]
	at java.base/jdk.internal.reflect.DelegatingMethodAccessorImpl.invoke(DelegatingMethodAccessorImpl.java:43) ~[na:na]
	at java.base/java.lang.reflect.Method.invoke(Method.java:568) ~[na:na]
	at org.springframework.web.method.support.InvocableHandlerMethod.doInvoke(InvocableHandlerMethod.java:205) ~[spring-web-5.3.23.jar:5.3.23]
	at org.springframework.web.method.support.InvocableHandlerMethod.invokeForRequest(InvocableHandlerMethod.java:150) ~[spring-web-5.3.23.jar:5.3.23]
	at org.springframework.web.servlet.mvc.method.annotation.ServletInvocableHandlerMethod.invokeAndHandle(ServletInvocableHandlerMethod.java:117) ~[spring-webmvc-5.3.23.jar:5.3.23]
	at org.springframework.web.servlet.mvc.method.annotation.RequestMappingHandlerAdapter.invokeHandlerMethod(RequestMappingHandlerAdapter.java:895) ~[spring-webmvc-5.3.23.jar:5.3.23]
	at org.springframework.web.servlet.mvc.method.annotation.RequestMappingHandlerAdapter.handleInternal(RequestMappingHandlerAdapter.java:808) ~[spring-webmvc-5.3.23.jar:5.3.23]
	at org.springframework.web.servlet.mvc.method.AbstractHandlerMethodAdapter.handle(AbstractHandlerMethodAdapter.java:87) ~[spring-webmvc-5.3.23.jar:5.3.23]
	at org.springframework.web.servlet.DispatcherServlet.doDispatch(DispatcherServlet.java:1071) ~[spring-webmvc-5.3.23.jar:5.3.23]
	at org.springframework.web.servlet.DispatcherServlet.doService(DispatcherServlet.java:964) ~[spring-webmvc-5.3.23.jar:5.3.23]
	at org.springframework.web.servlet.FrameworkServlet.processRequest(FrameworkServlet.java:1006) ~[spring-webmvc-5.3.23.jar:5.3.23]
	at org.springframework.web.servlet.FrameworkServlet.doPost(FrameworkServlet.java:909) ~[spring-webmvc-5.3.23.jar:5.3.23]
	at javax.servlet.http.HttpServlet.service(HttpServlet.java:696) ~[tomcat-embed-core-9.0.68.jar:4.0.FR]
	at org.springframework.web.servlet.FrameworkServlet.service(FrameworkServlet.java:883) ~[spring-webmvc-5.3.23.jar:5.3.23]
	at javax.servlet.http.HttpServlet.service(HttpServlet.java:779) ~[tomcat-embed-core-9.0.68.jar:4.0.FR]
	at org.apache.catalina.core.ApplicationFilterChain.internalDoFilter(ApplicationFilterChain.java:227) ~[tomcat-embed-core-9.0.68.jar:9.0.68]
	at org.apache.catalina.core.ApplicationFilterChain.doFilter(ApplicationFilterChain.java:162) ~[tomcat-embed-core-9.0.68.jar:9.0.68]
	at org.apache.tomcat.websocket.server.WsFilter.doFilter(WsFilter.java:53) ~[tomcat-embed-websocket-9.0.68.jar:9.0.68]
	at org.apache.catalina.core.ApplicationFilterChain.internalDoFilter(ApplicationFilterChain.java:189) ~[tomcat-embed-core-9.0.68.jar:9.0.68]
	at org.apache.catalina.core.ApplicationFilterChain.doFilter(ApplicationFilterChain.java:162) ~[tomcat-embed-core-9.0.68.jar:9.0.68]
	at org.springframework.web.filter.OncePerRequestFilter.doFilter(OncePerRequestFilter.java:111) ~[spring-web-5.3.23.jar:5.3.23]
	at org.apache.catalina.core.ApplicationFilterChain.internalDoFilter(ApplicationFilterChain.java:189) ~[tomcat-embed-core-9.0.68.jar:9.0.68]
	at org.apache.catalina.core.ApplicationFilterChain.doFilter(ApplicationFilterChain.java:162) ~[tomcat-embed-core-9.0.68.jar:9.0.68]
	at org.springframework.security.web.FilterChainProxy$VirtualFilterChain.doFilter(FilterChainProxy.java:337) ~[spring-security-web-5.7.4.jar:5.7.4]
	at org.springframework.security.web.access.intercept.FilterSecurityInterceptor.invoke(FilterSecurityInterceptor.java:115) ~[spring-security-web-5.7.4.jar:5.7.4]
	at org.springframework.security.web.access.intercept.FilterSecurityInterceptor.doFilter(FilterSecurityInterceptor.java:81) ~[spring-security-web-5.7.4.jar:5.7.4]
	at org.springframework.security.web.FilterChainProxy$VirtualFilterChain.doFilter(FilterChainProxy.java:346) ~[spring-security-web-5.7.4.jar:5.7.4]
	at org.springframework.security.web.access.ExceptionTranslationFilter.doFilter(ExceptionTranslationFilter.java:122) ~[spring-security-web-5.7.4.jar:5.7.4]
	at org.springframework.security.web.access.ExceptionTranslationFilter.doFilter(ExceptionTranslationFilter.java:116) ~[spring-security-web-5.7.4.jar:5.7.4]
	at org.springframework.security.web.FilterChainProxy$VirtualFilterChain.doFilter(FilterChainProxy.java:346) ~[spring-security-web-5.7.4.jar:5.7.4]
	at org.springframework.security.web.session.SessionManagementFilter.doFilter(SessionManagementFilter.java:126) ~[spring-security-web-5.7.4.jar:5.7.4]
	at org.springframework.security.web.session.SessionManagementFilter.doFilter(SessionManagementFilter.java:81) ~[spring-security-web-5.7.4.jar:5.7.4]
	at org.springframework.security.web.FilterChainProxy$VirtualFilterChain.doFilter(FilterChainProxy.java:346) ~[spring-security-web-5.7.4.jar:5.7.4]
	at org.springframework.security.web.authentication.AnonymousAuthenticationFilter.doFilter(AnonymousAuthenticationFilter.java:109) ~[spring-security-web-5.7.4.jar:5.7.4]
	at org.springframework.security.web.FilterChainProxy$VirtualFilterChain.doFilter(FilterChainProxy.java:346) ~[spring-security-web-5.7.4.jar:5.7.4]
	at org.springframework.security.web.servletapi.SecurityContextHolderAwareRequestFilter.doFilter(SecurityContextHolderAwareRequestFilter.java:149) ~[spring-security-web-5.7.4.jar:5.7.4]
	at org.springframework.security.web.FilterChainProxy$VirtualFilterChain.doFilter(FilterChainProxy.java:346) ~[spring-security-web-5.7.4.jar:5.7.4]
	at org.springframework.security.web.savedrequest.RequestCacheAwareFilter.doFilter(RequestCacheAwareFilter.java:63) ~[spring-security-web-5.7.4.jar:5.7.4]
	at org.springframework.security.web.FilterChainProxy$VirtualFilterChain.doFilter(FilterChainProxy.java:346) ~[spring-security-web-5.7.4.jar:5.7.4]
	at com.adplatform.module.user.security.JwtAuthenticationFilter.doFilterInternal(JwtAuthenticationFilter.java:55) ~[classes/:na]
	at org.springframework.web.filter.OncePerRequestFilter.doFilter(OncePerRequestFilter.java:117) ~[spring-web-5.3.23.jar:5.3.23]
	at org.springframework.security.web.FilterChainProxy$VirtualFilterChain.doFilter(FilterChainProxy.java:346) ~[spring-security-web-5.7.4.jar:5.7.4]
	at org.springframework.security.web.authentication.logout.LogoutFilter.doFilter(LogoutFilter.java:103) ~[spring-security-web-5.7.4.jar:5.7.4]
	at org.springframework.security.web.authentication.logout.LogoutFilter.doFilter(LogoutFilter.java:89) ~[spring-security-web-5.7.4.jar:5.7.4]
	at org.springframework.security.web.FilterChainProxy$VirtualFilterChain.doFilter(FilterChainProxy.java:346) ~[spring-security-web-5.7.4.jar:5.7.4]
	at org.springframework.web.filter.CorsFilter.doFilterInternal(CorsFilter.java:91) ~[spring-web-5.3.23.jar:5.3.23]
	at org.springframework.web.filter.OncePerRequestFilter.doFilter(OncePerRequestFilter.java:117) ~[spring-web-5.3.23.jar:5.3.23]
	at org.springframework.security.web.FilterChainProxy$VirtualFilterChain.doFilter(FilterChainProxy.java:346) ~[spring-security-web-5.7.4.jar:5.7.4]
	at org.springframework.security.web.header.HeaderWriterFilter.doHeadersAfter(HeaderWriterFilter.java:90) ~[spring-security-web-5.7.4.jar:5.7.4]
	at org.springframework.security.web.header.HeaderWriterFilter.doFilterInternal(HeaderWriterFilter.java:75) ~[spring-security-web-5.7.4.jar:5.7.4]
	at org.springframework.web.filter.OncePerRequestFilter.doFilter(OncePerRequestFilter.java:117) ~[spring-web-5.3.23.jar:5.3.23]
	at org.springframework.security.web.FilterChainProxy$VirtualFilterChain.doFilter(FilterChainProxy.java:346) ~[spring-security-web-5.7.4.jar:5.7.4]
	at org.springframework.security.web.context.SecurityContextPersistenceFilter.doFilter(SecurityContextPersistenceFilter.java:112) ~[spring-security-web-5.7.4.jar:5.7.4]
	at org.springframework.security.web.context.SecurityContextPersistenceFilter.doFilter(SecurityContextPersistenceFilter.java:82) ~[spring-security-web-5.7.4.jar:5.7.4]
	at org.springframework.security.web.FilterChainProxy$VirtualFilterChain.doFilter(FilterChainProxy.java:346) ~[spring-security-web-5.7.4.jar:5.7.4]
	at org.springframework.security.web.context.request.async.WebAsyncManagerIntegrationFilter.doFilterInternal(WebAsyncManagerIntegrationFilter.java:55) ~[spring-security-web-5.7.4.jar:5.7.4]
	at org.springframework.web.filter.OncePerRequestFilter.doFilter(OncePerRequestFilter.java:117) ~[spring-web-5.3.23.jar:5.3.23]
	at org.springframework.security.web.FilterChainProxy$VirtualFilterChain.doFilter(FilterChainProxy.java:346) ~[spring-security-web-5.7.4.jar:5.7.4]
	at org.springframework.security.web.session.DisableEncodeUrlFilter.doFilterInternal(DisableEncodeUrlFilter.java:42) ~[spring-security-web-5.7.4.jar:5.7.4]
	at org.springframework.web.filter.OncePerRequestFilter.doFilter(OncePerRequestFilter.java:117) ~[spring-web-5.3.23.jar:5.3.23]
	at org.springframework.security.web.FilterChainProxy$VirtualFilterChain.doFilter(FilterChainProxy.java:346) ~[spring-security-web-5.7.4.jar:5.7.4]
	at org.springframework.security.web.FilterChainProxy.doFilterInternal(FilterChainProxy.java:221) ~[spring-security-web-5.7.4.jar:5.7.4]
	at org.springframework.security.web.FilterChainProxy.doFilter(FilterChainProxy.java:186) ~[spring-security-web-5.7.4.jar:5.7.4]
	at org.springframework.web.filter.DelegatingFilterProxy.invokeDelegate(DelegatingFilterProxy.java:354) ~[spring-web-5.3.23.jar:5.3.23]
	at org.springframework.web.filter.DelegatingFilterProxy.doFilter(DelegatingFilterProxy.java:267) ~[spring-web-5.3.23.jar:5.3.23]
	at org.apache.catalina.core.ApplicationFilterChain.internalDoFilter(ApplicationFilterChain.java:189) ~[tomcat-embed-core-9.0.68.jar:9.0.68]
	at org.apache.catalina.core.ApplicationFilterChain.doFilter(ApplicationFilterChain.java:162) ~[tomcat-embed-core-9.0.68.jar:9.0.68]
	at org.springframework.web.filter.RequestContextFilter.doFilterInternal(RequestContextFilter.java:100) ~[spring-web-5.3.23.jar:5.3.23]
	at org.springframework.web.filter.OncePerRequestFilter.doFilter(OncePerRequestFilter.java:117) ~[spring-web-5.3.23.jar:5.3.23]
	at org.apache.catalina.core.ApplicationFilterChain.internalDoFilter(ApplicationFilterChain.java:189) ~[tomcat-embed-core-9.0.68.jar:9.0.68]
	at org.apache.catalina.core.ApplicationFilterChain.doFilter(ApplicationFilterChain.java:162) ~[tomcat-embed-core-9.0.68.jar:9.0.68]
	at org.springframework.web.filter.FormContentFilter.doFilterInternal(FormContentFilter.java:93) ~[spring-web-5.3.23.jar:5.3.23]
	at org.springframework.web.filter.OncePerRequestFilter.doFilter(OncePerRequestFilter.java:117) ~[spring-web-5.3.23.jar:5.3.23]
	at org.apache.catalina.core.ApplicationFilterChain.internalDoFilter(ApplicationFilterChain.java:189) ~[tomcat-embed-core-9.0.68.jar:9.0.68]
	at org.apache.catalina.core.ApplicationFilterChain.doFilter(ApplicationFilterChain.java:162) ~[tomcat-embed-core-9.0.68.jar:9.0.68]
	at org.springframework.web.filter.CharacterEncodingFilter.doFilterInternal(CharacterEncodingFilter.java:201) ~[spring-web-5.3.23.jar:5.3.23]
	at org.springframework.web.filter.OncePerRequestFilter.doFilter(OncePerRequestFilter.java:117) ~[spring-web-5.3.23.jar:5.3.23]
	at org.apache.catalina.core.ApplicationFilterChain.internalDoFilter(ApplicationFilterChain.java:189) ~[tomcat-embed-core-9.0.68.jar:9.0.68]
	at org.apache.catalina.core.ApplicationFilterChain.doFilter(ApplicationFilterChain.java:162) ~[tomcat-embed-core-9.0.68.jar:9.0.68]
	at org.apache.catalina.core.StandardWrapperValve.invoke(StandardWrapperValve.java:197) ~[tomcat-embed-core-9.0.68.jar:9.0.68]
	at org.apache.catalina.core.StandardContextValve.invoke(StandardContextValve.java:97) ~[tomcat-embed-core-9.0.68.jar:9.0.68]
	at org.apache.catalina.authenticator.AuthenticatorBase.invoke(AuthenticatorBase.java:541) ~[tomcat-embed-core-9.0.68.jar:9.0.68]
	at org.apache.catalina.core.StandardHostValve.invoke(StandardHostValve.java:135) ~[tomcat-embed-core-9.0.68.jar:9.0.68]
	at org.apache.catalina.valves.ErrorReportValve.invoke(ErrorReportValve.java:92) ~[tomcat-embed-core-9.0.68.jar:9.0.68]
	at org.apache.catalina.core.StandardEngineValve.invoke(StandardEngineValve.java:78) ~[tomcat-embed-core-9.0.68.jar:9.0.68]
	at org.apache.catalina.connector.CoyoteAdapter.service(CoyoteAdapter.java:360) ~[tomcat-embed-core-9.0.68.jar:9.0.68]
	at org.apache.coyote.http11.Http11Processor.service(Http11Processor.java:399) ~[tomcat-embed-core-9.0.68.jar:9.0.68]
	at org.apache.coyote.AbstractProcessorLight.process(AbstractProcessorLight.java:65) ~[tomcat-embed-core-9.0.68.jar:9.0.68]
	at org.apache.coyote.AbstractProtocol$ConnectionHandler.process(AbstractProtocol.java:893) ~[tomcat-embed-core-9.0.68.jar:9.0.68]
	at org.apache.tomcat.util.net.NioEndpoint$SocketProcessor.doRun(NioEndpoint.java:1789) ~[tomcat-embed-core-9.0.68.jar:9.0.68]
	at org.apache.tomcat.util.net.SocketProcessorBase.run(SocketProcessorBase.java:49) ~[tomcat-embed-core-9.0.68.jar:9.0.68]
	at org.apache.tomcat.util.threads.ThreadPoolExecutor.runWorker(ThreadPoolExecutor.java:1191) ~[tomcat-embed-core-9.0.68.jar:9.0.68]
	at org.apache.tomcat.util.threads.ThreadPoolExecutor$Worker.run(ThreadPoolExecutor.java:659) ~[tomcat-embed-core-9.0.68.jar:9.0.68]
	at org.apache.tomcat.util.threads.TaskThread$WrappingRunnable.run(TaskThread.java:61) ~[tomcat-embed-core-9.0.68.jar:9.0.68]
	at java.base/java.lang.Thread.run(Thread.java:840) ~[na:na]

2024-12-30 16:59:31.003  WARN 24272 --- [http-nio-8181-exec-1] .m.m.a.ExceptionHandlerExceptionResolver : Resolved [com.adplatform.common.exception.BusinessException: 用户名或密码错误]
2024-12-30 16:59:35.626  INFO 24272 --- [http-nio-8181-exec-2] c.a.m.user.controller.AuthController     : 收到登录请求，用户名: zzz
2024-12-30 16:59:35.626  INFO 24272 --- [http-nio-8181-exec-2] c.a.m.user.service.impl.UserServiceImpl  : 用户开始登录，用户名: zzz
2024-12-30 16:59:35.626  INFO 24272 --- [http-nio-8181-exec-2] c.a.m.u.security.UserDetailsServiceImpl  : 开始加载用户详情，用户名: zzz
2024-12-30 16:59:35.660  INFO 24272 --- [http-nio-8181-exec-2] c.a.m.u.security.UserDetailsServiceImpl  : 用户详情加载成功，用户ID: 4
2024-12-30 16:59:35.800  INFO 24272 --- [http-nio-8181-exec-2] c.a.m.user.service.impl.UserServiceImpl  : 用户登录成功，生成token
2024-12-30 16:59:35.822  INFO 24272 --- [http-nio-8181-exec-2] c.a.m.user.service.impl.UserServiceImpl  : 用户登录成功，用户ID: 4
2024-12-30 16:59:35.822  INFO 24272 --- [http-nio-8181-exec-2] c.a.m.user.controller.AuthController     : 登录成功，用户ID: 4
2024-12-30 16:59:36.149  INFO 24272 --- [http-nio-8181-exec-3] c.a.m.u.security.UserDetailsServiceImpl  : 开始加载用户详情，用户名: zzz
2024-12-30 16:59:36.168  INFO 24272 --- [http-nio-8181-exec-3] c.a.m.u.security.UserDetailsServiceImpl  : 用户详情加载成功，用户ID: 4
2024-12-30 16:59:36.170  INFO 24272 --- [http-nio-8181-exec-3] c.a.m.user.controller.UserController     : 接收到获取当前用户信息请求，用户ID: 4
2024-12-30 16:59:36.170  INFO 24272 --- [http-nio-8181-exec-3] c.a.m.user.service.impl.UserServiceImpl  : 开始获取用户信息，用户ID: 4
2024-12-30 16:59:36.186  INFO 24272 --- [http-nio-8181-exec-3] c.a.m.user.service.impl.UserServiceImpl  : 获取用户信息成功，用户ID: 4
2024-12-30 16:59:36.186  INFO 24272 --- [http-nio-8181-exec-3] c.a.m.user.controller.UserController     : 获取当前用户信息成功，用户ID: 4
2024-12-30 16:59:37.693  INFO 24272 --- [http-nio-8181-exec-4] c.a.m.u.security.UserDetailsServiceImpl  : 开始加载用户详情，用户名: zzz
2024-12-30 16:59:37.732  INFO 24272 --- [http-nio-8181-exec-4] c.a.m.u.security.UserDetailsServiceImpl  : 用户详情加载成功，用户ID: 4
2024-12-30 16:59:38.772  INFO 24272 --- [http-nio-8181-exec-7] c.a.m.u.security.UserDetailsServiceImpl  : 开始加载用户详情，用户名: zzz
2024-12-30 16:59:38.802  INFO 24272 --- [http-nio-8181-exec-7] c.a.m.u.security.UserDetailsServiceImpl  : 用户详情加载成功，用户ID: 4
2024-12-30 16:59:38.804  INFO 24272 --- [http-nio-8181-exec-7] c.a.m.user.controller.UserController     : 接收到获取当前用户信息请求，用户ID: 4
2024-12-30 16:59:38.804  INFO 24272 --- [http-nio-8181-exec-7] c.a.m.user.service.impl.UserServiceImpl  : 开始获取用户信息，用户ID: 4
2024-12-30 16:59:38.821  INFO 24272 --- [http-nio-8181-exec-7] c.a.m.user.service.impl.UserServiceImpl  : 获取用户信息成功，用户ID: 4
2024-12-30 16:59:38.821  INFO 24272 --- [http-nio-8181-exec-7] c.a.m.user.controller.UserController     : 获取当前用户信息成功，用户ID: 4
2024-12-30 16:59:39.095  INFO 24272 --- [http-nio-8181-exec-6] c.a.m.u.security.UserDetailsServiceImpl  : 开始加载用户详情，用户名: zzz
2024-12-30 16:59:39.132  INFO 24272 --- [http-nio-8181-exec-6] c.a.m.u.security.UserDetailsServiceImpl  : 用户详情加载成功，用户ID: 4
2024-12-30 16:59:39.172  INFO 24272 --- [http-nio-8181-exec-5] c.a.m.u.security.UserDetailsServiceImpl  : 开始加载用户详情，用户名: zzz
2024-12-30 16:59:39.190  INFO 24272 --- [http-nio-8181-exec-5] c.a.m.u.security.UserDetailsServiceImpl  : 用户详情加载成功，用户ID: 4
2024-12-30 16:59:41.090  INFO 24272 --- [http-nio-8181-exec-10] c.a.m.u.security.UserDetailsServiceImpl  : 开始加载用户详情，用户名: zzz
2024-12-30 16:59:41.122  INFO 24272 --- [http-nio-8181-exec-10] c.a.m.u.security.UserDetailsServiceImpl  : 用户详情加载成功，用户ID: 4
2024-12-30 17:00:08.854  INFO 24272 --- [http-nio-8181-exec-9] c.a.m.user.controller.AuthController     : 收到登录请求，用户名: admin1
2024-12-30 17:00:08.854  INFO 24272 --- [http-nio-8181-exec-9] c.a.m.user.service.impl.UserServiceImpl  : 用户开始登录，用户名: admin1
2024-12-30 17:00:08.855  INFO 24272 --- [http-nio-8181-exec-9] c.a.m.u.security.UserDetailsServiceImpl  : 开始加载用户详情，用户名: admin1
2024-12-30 17:00:08.888  INFO 24272 --- [http-nio-8181-exec-9] c.a.m.u.security.UserDetailsServiceImpl  : 用户详情加载成功，用户ID: 1
2024-12-30 17:00:09.031  INFO 24272 --- [http-nio-8181-exec-9] c.a.m.user.service.impl.UserServiceImpl  : 用户登录成功，生成token
2024-12-30 17:00:09.046  INFO 24272 --- [http-nio-8181-exec-9] c.a.m.user.service.impl.UserServiceImpl  : 用户登录成功，用户ID: 1
2024-12-30 17:00:09.046  INFO 24272 --- [http-nio-8181-exec-9] c.a.m.user.controller.AuthController     : 登录成功，用户ID: 1
2024-12-30 17:00:09.360  INFO 24272 --- [http-nio-8181-exec-8] c.a.m.u.security.UserDetailsServiceImpl  : 开始加载用户详情，用户名: admin1
2024-12-30 17:00:09.375  INFO 24272 --- [http-nio-8181-exec-8] c.a.m.u.security.UserDetailsServiceImpl  : 用户详情加载成功，用户ID: 1
2024-12-30 17:00:09.376  INFO 24272 --- [http-nio-8181-exec-8] c.a.m.user.controller.UserController     : 接收到获取当前用户信息请求，用户ID: 1
2024-12-30 17:00:09.376  INFO 24272 --- [http-nio-8181-exec-8] c.a.m.user.service.impl.UserServiceImpl  : 开始获取用户信息，用户ID: 1
2024-12-30 17:00:09.388  INFO 24272 --- [http-nio-8181-exec-8] c.a.m.user.service.impl.UserServiceImpl  : 获取用户信息成功，用户ID: 1
2024-12-30 17:00:09.388  INFO 24272 --- [http-nio-8181-exec-8] c.a.m.user.controller.UserController     : 获取当前用户信息成功，用户ID: 1
2024-12-30 17:00:11.287  INFO 24272 --- [http-nio-8181-exec-1] c.a.m.u.security.UserDetailsServiceImpl  : 开始加载用户详情，用户名: admin1
2024-12-30 17:00:11.319  INFO 24272 --- [http-nio-8181-exec-1] c.a.m.u.security.UserDetailsServiceImpl  : 用户详情加载成功，用户ID: 1
2024-12-30 17:00:20.611  INFO 24272 --- [http-nio-8181-exec-2] c.a.m.user.controller.AuthController     : 收到登录请求，用户名: zrr
2024-12-30 17:00:20.611  INFO 24272 --- [http-nio-8181-exec-2] c.a.m.user.service.impl.UserServiceImpl  : 用户开始登录，用户名: zrr
2024-12-30 17:00:20.612  INFO 24272 --- [http-nio-8181-exec-2] c.a.m.u.security.UserDetailsServiceImpl  : 开始加载用户详情，用户名: zrr
2024-12-30 17:00:20.642  INFO 24272 --- [http-nio-8181-exec-2] c.a.m.u.security.UserDetailsServiceImpl  : 用户详情加载成功，用户ID: 2
2024-12-30 17:00:20.792  INFO 24272 --- [http-nio-8181-exec-2] c.a.m.user.service.impl.UserServiceImpl  : 用户登录成功，生成token
2024-12-30 17:00:20.808  INFO 24272 --- [http-nio-8181-exec-2] c.a.m.user.service.impl.UserServiceImpl  : 用户登录成功，用户ID: 2
2024-12-30 17:00:20.809  INFO 24272 --- [http-nio-8181-exec-2] c.a.m.user.controller.AuthController     : 登录成功，用户ID: 2
2024-12-30 17:00:20.873  INFO 24272 --- [http-nio-8181-exec-3] c.a.m.u.security.UserDetailsServiceImpl  : 开始加载用户详情，用户名: zrr
2024-12-30 17:00:20.892  INFO 24272 --- [http-nio-8181-exec-3] c.a.m.u.security.UserDetailsServiceImpl  : 用户详情加载成功，用户ID: 2
2024-12-30 17:00:20.893  INFO 24272 --- [http-nio-8181-exec-3] c.a.m.user.controller.UserController     : 接收到获取当前用户信息请求，用户ID: 2
2024-12-30 17:00:20.893  INFO 24272 --- [http-nio-8181-exec-3] c.a.m.user.service.impl.UserServiceImpl  : 开始获取用户信息，用户ID: 2
2024-12-30 17:00:20.910  INFO 24272 --- [http-nio-8181-exec-3] c.a.m.user.service.impl.UserServiceImpl  : 获取用户信息成功，用户ID: 2
2024-12-30 17:00:20.910  INFO 24272 --- [http-nio-8181-exec-3] c.a.m.user.controller.UserController     : 获取当前用户信息成功，用户ID: 2
2024-12-30 17:00:22.956  INFO 24272 --- [http-nio-8181-exec-4] c.a.m.u.security.UserDetailsServiceImpl  : 开始加载用户详情，用户名: zrr
2024-12-30 17:00:22.987  INFO 24272 --- [http-nio-8181-exec-4] c.a.m.u.security.UserDetailsServiceImpl  : 用户详情加载成功，用户ID: 2
2024-12-30 17:00:24.192  INFO 24272 --- [http-nio-8181-exec-7] c.a.m.u.security.UserDetailsServiceImpl  : 开始加载用户详情，用户名: zrr
2024-12-30 17:00:24.223  INFO 24272 --- [http-nio-8181-exec-7] c.a.m.u.security.UserDetailsServiceImpl  : 用户详情加载成功，用户ID: 2
2024-12-30 17:00:25.614  INFO 24272 --- [http-nio-8181-exec-6] c.a.m.u.security.UserDetailsServiceImpl  : 开始加载用户详情，用户名: zrr
2024-12-30 17:00:25.646  INFO 24272 --- [http-nio-8181-exec-6] c.a.m.u.security.UserDetailsServiceImpl  : 用户详情加载成功，用户ID: 2
2024-12-30 17:00:25.928  INFO 24272 --- [http-nio-8181-exec-10] c.a.m.u.security.UserDetailsServiceImpl  : 开始加载用户详情，用户名: zrr
2024-12-30 17:00:25.928  INFO 24272 --- [http-nio-8181-exec-5] c.a.m.u.security.UserDetailsServiceImpl  : 开始加载用户详情，用户名: zrr
2024-12-30 17:00:25.946  INFO 24272 --- [http-nio-8181-exec-5] c.a.m.u.security.UserDetailsServiceImpl  : 用户详情加载成功，用户ID: 2
2024-12-30 17:00:25.958  INFO 24272 --- [http-nio-8181-exec-10] c.a.m.u.security.UserDetailsServiceImpl  : 用户详情加载成功，用户ID: 2
2024-12-30 17:00:28.249  INFO 24272 --- [http-nio-8181-exec-9] c.a.m.u.security.UserDetailsServiceImpl  : 开始加载用户详情，用户名: zrr
2024-12-30 17:00:28.279  INFO 24272 --- [http-nio-8181-exec-9] c.a.m.u.security.UserDetailsServiceImpl  : 用户详情加载成功，用户ID: 2
2024-12-30 17:00:30.490  INFO 24272 --- [http-nio-8181-exec-8] c.a.m.u.security.UserDetailsServiceImpl  : 开始加载用户详情，用户名: zrr
2024-12-30 17:00:30.519  INFO 24272 --- [http-nio-8181-exec-8] c.a.m.u.security.UserDetailsServiceImpl  : 用户详情加载成功，用户ID: 2
2024-12-30 17:00:35.547  INFO 24272 --- [http-nio-8181-exec-1] c.a.m.u.security.UserDetailsServiceImpl  : 开始加载用户详情，用户名: zrr
2024-12-30 17:00:35.547  INFO 24272 --- [http-nio-8181-exec-3] c.a.m.u.security.UserDetailsServiceImpl  : 开始加载用户详情，用户名: zrr
2024-12-30 17:00:35.548  INFO 24272 --- [http-nio-8181-exec-2] c.a.m.u.security.UserDetailsServiceImpl  : 开始加载用户详情，用户名: zrr
2024-12-30 17:00:35.580  INFO 24272 --- [http-nio-8181-exec-1] c.a.m.u.security.UserDetailsServiceImpl  : 用户详情加载成功，用户ID: 2
2024-12-30 17:00:35.581  INFO 24272 --- [http-nio-8181-exec-3] c.a.m.u.security.UserDetailsServiceImpl  : 用户详情加载成功，用户ID: 2
2024-12-30 17:00:35.588  INFO 24272 --- [http-nio-8181-exec-2] c.a.m.u.security.UserDetailsServiceImpl  : 用户详情加载成功，用户ID: 2
2024-12-30 17:00:38.416  INFO 24272 --- [http-nio-8181-exec-4] c.a.m.u.security.UserDetailsServiceImpl  : 开始加载用户详情，用户名: zrr
2024-12-30 17:00:38.445  INFO 24272 --- [http-nio-8181-exec-4] c.a.m.u.security.UserDetailsServiceImpl  : 用户详情加载成功，用户ID: 2
2024-12-30 17:01:02.388  INFO 24272 --- [http-nio-8181-exec-7] c.a.m.u.security.UserDetailsServiceImpl  : 开始加载用户详情，用户名: zrr
2024-12-30 17:01:02.417  INFO 24272 --- [http-nio-8181-exec-7] c.a.m.u.security.UserDetailsServiceImpl  : 用户详情加载成功，用户ID: 2
2024-12-30 17:01:04.183  INFO 24272 --- [http-nio-8181-exec-6] c.a.m.u.security.UserDetailsServiceImpl  : 开始加载用户详情，用户名: zrr
2024-12-30 17:01:04.183  INFO 24272 --- [http-nio-8181-exec-5] c.a.m.u.security.UserDetailsServiceImpl  : 开始加载用户详情，用户名: zrr
2024-12-30 17:01:04.210  INFO 24272 --- [http-nio-8181-exec-5] c.a.m.u.security.UserDetailsServiceImpl  : 用户详情加载成功，用户ID: 2
2024-12-30 17:01:04.216  INFO 24272 --- [http-nio-8181-exec-6] c.a.m.u.security.UserDetailsServiceImpl  : 用户详情加载成功，用户ID: 2
2024-12-30 17:01:04.502  INFO 24272 --- [http-nio-8181-exec-10] c.a.m.u.security.UserDetailsServiceImpl  : 开始加载用户详情，用户名: zrr
2024-12-30 17:01:04.515  INFO 24272 --- [http-nio-8181-exec-10] c.a.m.u.security.UserDetailsServiceImpl  : 用户详情加载成功，用户ID: 2
2024-12-30 17:03:14.393  INFO 24272 --- [http-nio-8181-exec-9] c.a.m.u.security.UserDetailsServiceImpl  : 开始加载用户详情，用户名: zrr
2024-12-30 17:03:14.433  INFO 24272 --- [http-nio-8181-exec-9] c.a.m.u.security.UserDetailsServiceImpl  : 用户详情加载成功，用户ID: 2
2024-12-30 17:04:27.222  INFO 24272 --- [http-nio-8181-exec-8] c.a.m.user.controller.AuthController     : 收到登录请求，用户名: zzz
2024-12-30 17:04:27.222  INFO 24272 --- [http-nio-8181-exec-8] c.a.m.user.service.impl.UserServiceImpl  : 用户开始登录，用户名: zzz
2024-12-30 17:04:27.222  INFO 24272 --- [http-nio-8181-exec-8] c.a.m.u.security.UserDetailsServiceImpl  : 开始加载用户详情，用户名: zzz
2024-12-30 17:04:27.247  INFO 24272 --- [http-nio-8181-exec-8] c.a.m.u.security.UserDetailsServiceImpl  : 用户详情加载成功，用户ID: 4
2024-12-30 17:04:27.399  INFO 24272 --- [http-nio-8181-exec-8] c.a.m.user.service.impl.UserServiceImpl  : 用户登录成功，生成token
2024-12-30 17:04:27.419  INFO 24272 --- [http-nio-8181-exec-8] c.a.m.user.service.impl.UserServiceImpl  : 用户登录成功，用户ID: 4
2024-12-30 17:04:27.419  INFO 24272 --- [http-nio-8181-exec-8] c.a.m.user.controller.AuthController     : 登录成功，用户ID: 4
2024-12-30 17:04:27.433  INFO 24272 --- [http-nio-8181-exec-1] c.a.m.u.security.UserDetailsServiceImpl  : 开始加载用户详情，用户名: zzz
2024-12-30 17:04:27.452  INFO 24272 --- [http-nio-8181-exec-1] c.a.m.u.security.UserDetailsServiceImpl  : 用户详情加载成功，用户ID: 4
2024-12-30 17:04:27.453  INFO 24272 --- [http-nio-8181-exec-1] c.a.m.user.controller.UserController     : 接收到获取当前用户信息请求，用户ID: 4
2024-12-30 17:04:27.453  INFO 24272 --- [http-nio-8181-exec-1] c.a.m.user.service.impl.UserServiceImpl  : 开始获取用户信息，用户ID: 4
2024-12-30 17:04:27.469  INFO 24272 --- [http-nio-8181-exec-1] c.a.m.user.service.impl.UserServiceImpl  : 获取用户信息成功，用户ID: 4
2024-12-30 17:04:27.469  INFO 24272 --- [http-nio-8181-exec-1] c.a.m.user.controller.UserController     : 获取当前用户信息成功，用户ID: 4
2024-12-30 17:04:29.260  INFO 24272 --- [http-nio-8181-exec-2] c.a.m.u.security.UserDetailsServiceImpl  : 开始加载用户详情，用户名: zzz
2024-12-30 17:04:29.296  INFO 24272 --- [http-nio-8181-exec-2] c.a.m.u.security.UserDetailsServiceImpl  : 用户详情加载成功，用户ID: 4
2024-12-30 17:04:30.198  INFO 24272 --- [http-nio-8181-exec-3] c.a.m.u.security.UserDetailsServiceImpl  : 开始加载用户详情，用户名: zzz
2024-12-30 17:04:30.236  INFO 24272 --- [http-nio-8181-exec-3] c.a.m.u.security.UserDetailsServiceImpl  : 用户详情加载成功，用户ID: 4
2024-12-30 17:04:30.237  INFO 24272 --- [http-nio-8181-exec-3] c.a.m.user.controller.UserController     : 接收到获取当前用户信息请求，用户ID: 4
2024-12-30 17:04:30.237  INFO 24272 --- [http-nio-8181-exec-3] c.a.m.user.service.impl.UserServiceImpl  : 开始获取用户信息，用户ID: 4
2024-12-30 17:04:30.252  INFO 24272 --- [http-nio-8181-exec-3] c.a.m.user.service.impl.UserServiceImpl  : 获取用户信息成功，用户ID: 4
2024-12-30 17:04:30.252  INFO 24272 --- [http-nio-8181-exec-3] c.a.m.user.controller.UserController     : 获取当前用户信息成功，用户ID: 4
2024-12-30 17:04:30.510  INFO 24272 --- [http-nio-8181-exec-4] c.a.m.u.security.UserDetailsServiceImpl  : 开始加载用户详情，用户名: zzz
2024-12-30 17:04:30.546  INFO 24272 --- [http-nio-8181-exec-4] c.a.m.u.security.UserDetailsServiceImpl  : 用户详情加载成功，用户ID: 4
2024-12-30 17:04:30.583  INFO 24272 --- [http-nio-8181-exec-7] c.a.m.u.security.UserDetailsServiceImpl  : 开始加载用户详情，用户名: zzz
2024-12-30 17:04:30.614  INFO 24272 --- [http-nio-8181-exec-7] c.a.m.u.security.UserDetailsServiceImpl  : 用户详情加载成功，用户ID: 4
2024-12-30 17:04:31.723  INFO 24272 --- [http-nio-8181-exec-5] c.a.m.u.security.UserDetailsServiceImpl  : 开始加载用户详情，用户名: zzz
2024-12-30 17:04:31.752  INFO 24272 --- [http-nio-8181-exec-5] c.a.m.u.security.UserDetailsServiceImpl  : 用户详情加载成功，用户ID: 4
2024-12-30 17:04:32.545  INFO 24272 --- [http-nio-8181-exec-6] c.a.m.u.security.UserDetailsServiceImpl  : 开始加载用户详情，用户名: zzz
2024-12-30 17:04:32.592  INFO 24272 --- [http-nio-8181-exec-6] c.a.m.u.security.UserDetailsServiceImpl  : 用户详情加载成功，用户ID: 4
2024-12-30 17:04:32.593  INFO 24272 --- [http-nio-8181-exec-6] c.a.m.user.controller.UserController     : 接收到获取当前用户信息请求，用户ID: 4
2024-12-30 17:04:32.593  INFO 24272 --- [http-nio-8181-exec-6] c.a.m.user.service.impl.UserServiceImpl  : 开始获取用户信息，用户ID: 4
2024-12-30 17:04:32.608  INFO 24272 --- [http-nio-8181-exec-6] c.a.m.user.service.impl.UserServiceImpl  : 获取用户信息成功，用户ID: 4
2024-12-30 17:04:32.609  INFO 24272 --- [http-nio-8181-exec-6] c.a.m.user.controller.UserController     : 获取当前用户信息成功，用户ID: 4
2024-12-30 17:04:32.616  INFO 24272 --- [http-nio-8181-exec-10] c.a.m.u.security.UserDetailsServiceImpl  : 开始加载用户详情，用户名: zzz
2024-12-30 17:04:32.651  INFO 24272 --- [http-nio-8181-exec-10] c.a.m.u.security.UserDetailsServiceImpl  : 用户详情加载成功，用户ID: 4
2024-12-30 17:04:32.992  INFO 24272 --- [http-nio-8181-exec-9] c.a.m.u.security.UserDetailsServiceImpl  : 开始加载用户详情，用户名: zzz
2024-12-30 17:04:33.010  INFO 24272 --- [http-nio-8181-exec-9] c.a.m.u.security.UserDetailsServiceImpl  : 用户详情加载成功，用户ID: 4
2024-12-30 17:08:40.165  INFO 24272 --- [http-nio-8181-exec-8] c.a.m.u.security.UserDetailsServiceImpl  : 开始加载用户详情，用户名: zzz
2024-12-30 17:08:40.192  INFO 24272 --- [http-nio-8181-exec-8] c.a.m.u.security.UserDetailsServiceImpl  : 用户详情加载成功，用户ID: 4
2024-12-30 17:10:10.103  INFO 24272 --- [http-nio-8181-exec-1] c.a.m.u.security.UserDetailsServiceImpl  : 开始加载用户详情，用户名: zzz
2024-12-30 17:10:10.172  INFO 24272 --- [http-nio-8181-exec-1] c.a.m.u.security.UserDetailsServiceImpl  : 用户详情加载成功，用户ID: 4
2024-12-30 17:10:12.085  INFO 24272 --- [http-nio-8181-exec-2] c.a.m.u.security.UserDetailsServiceImpl  : 开始加载用户详情，用户名: zzz
2024-12-30 17:10:12.122  INFO 24272 --- [http-nio-8181-exec-2] c.a.m.u.security.UserDetailsServiceImpl  : 用户详情加载成功，用户ID: 4
2024-12-30 17:10:14.204  INFO 24272 --- [http-nio-8181-exec-3] c.a.m.u.security.UserDetailsServiceImpl  : 开始加载用户详情，用户名: zzz
2024-12-30 17:10:14.242  INFO 24272 --- [http-nio-8181-exec-3] c.a.m.u.security.UserDetailsServiceImpl  : 用户详情加载成功，用户ID: 4
2024-12-30 17:22:26.233  INFO 24272 --- [http-nio-8181-exec-4] c.a.m.u.security.UserDetailsServiceImpl  : 开始加载用户详情，用户名: zzz
2024-12-30 17:22:26.262  INFO 24272 --- [http-nio-8181-exec-4] c.a.m.u.security.UserDetailsServiceImpl  : 用户详情加载成功，用户ID: 4
2024-12-30 17:22:26.264  INFO 24272 --- [http-nio-8181-exec-4] c.a.m.user.controller.UserController     : 接收到获取当前用户信息请求，用户ID: 4
2024-12-30 17:22:26.264  INFO 24272 --- [http-nio-8181-exec-4] c.a.m.user.service.impl.UserServiceImpl  : 开始获取用户信息，用户ID: 4
2024-12-30 17:22:26.288  INFO 24272 --- [http-nio-8181-exec-4] c.a.m.user.service.impl.UserServiceImpl  : 获取用户信息成功，用户ID: 4
2024-12-30 17:22:26.289  INFO 24272 --- [http-nio-8181-exec-4] c.a.m.user.controller.UserController     : 获取当前用户信息成功，用户ID: 4
2024-12-30 17:22:26.304  INFO 24272 --- [http-nio-8181-exec-7] c.a.m.u.security.UserDetailsServiceImpl  : 开始加载用户详情，用户名: zzz
2024-12-30 17:22:26.322  INFO 24272 --- [http-nio-8181-exec-7] c.a.m.u.security.UserDetailsServiceImpl  : 用户详情加载成功，用户ID: 4
2024-12-30 17:22:26.502  INFO 24272 --- [http-nio-8181-exec-5] c.a.m.u.security.UserDetailsServiceImpl  : 开始加载用户详情，用户名: zzz
2024-12-30 17:22:26.518  INFO 24272 --- [http-nio-8181-exec-5] c.a.m.u.security.UserDetailsServiceImpl  : 用户详情加载成功，用户ID: 4
2024-12-30 17:22:32.924  INFO 24272 --- [http-nio-8181-exec-6] c.a.m.user.controller.AuthController     : 收到登录请求，用户名: zrr
2024-12-30 17:22:32.924  INFO 24272 --- [http-nio-8181-exec-6] c.a.m.user.service.impl.UserServiceImpl  : 用户开始登录，用户名: zrr
2024-12-30 17:22:32.925  INFO 24272 --- [http-nio-8181-exec-6] c.a.m.u.security.UserDetailsServiceImpl  : 开始加载用户详情，用户名: zrr
2024-12-30 17:22:32.957  INFO 24272 --- [http-nio-8181-exec-6] c.a.m.u.security.UserDetailsServiceImpl  : 用户详情加载成功，用户ID: 2
2024-12-30 17:22:33.100  INFO 24272 --- [http-nio-8181-exec-6] c.a.m.user.service.impl.UserServiceImpl  : 用户登录成功，生成token
2024-12-30 17:22:33.130  INFO 24272 --- [http-nio-8181-exec-6] c.a.m.user.service.impl.UserServiceImpl  : 用户登录成功，用户ID: 2
2024-12-30 17:22:33.130  INFO 24272 --- [http-nio-8181-exec-6] c.a.m.user.controller.AuthController     : 登录成功，用户ID: 2
2024-12-30 17:22:33.450  INFO 24272 --- [http-nio-8181-exec-10] c.a.m.u.security.UserDetailsServiceImpl  : 开始加载用户详情，用户名: zrr
2024-12-30 17:22:33.482  INFO 24272 --- [http-nio-8181-exec-10] c.a.m.u.security.UserDetailsServiceImpl  : 用户详情加载成功，用户ID: 2
2024-12-30 17:22:33.484  INFO 24272 --- [http-nio-8181-exec-10] c.a.m.user.controller.UserController     : 接收到获取当前用户信息请求，用户ID: 2
2024-12-30 17:22:33.484  INFO 24272 --- [http-nio-8181-exec-10] c.a.m.user.service.impl.UserServiceImpl  : 开始获取用户信息，用户ID: 2
2024-12-30 17:22:33.497  INFO 24272 --- [http-nio-8181-exec-10] c.a.m.user.service.impl.UserServiceImpl  : 获取用户信息成功，用户ID: 2
2024-12-30 17:22:33.498  INFO 24272 --- [http-nio-8181-exec-10] c.a.m.user.controller.UserController     : 获取当前用户信息成功，用户ID: 2
2024-12-30 17:22:35.883  INFO 24272 --- [http-nio-8181-exec-9] c.a.m.u.security.UserDetailsServiceImpl  : 开始加载用户详情，用户名: zrr
2024-12-30 17:22:35.883  INFO 24272 --- [http-nio-8181-exec-8] c.a.m.u.security.UserDetailsServiceImpl  : 开始加载用户详情，用户名: zrr
2024-12-30 17:22:35.912  INFO 24272 --- [http-nio-8181-exec-8] c.a.m.u.security.UserDetailsServiceImpl  : 用户详情加载成功，用户ID: 2
2024-12-30 17:22:35.915  INFO 24272 --- [http-nio-8181-exec-9] c.a.m.u.security.UserDetailsServiceImpl  : 用户详情加载成功，用户ID: 2
2024-12-30 17:22:36.198  INFO 24272 --- [http-nio-8181-exec-1] c.a.m.u.security.UserDetailsServiceImpl  : 开始加载用户详情，用户名: zrr
2024-12-30 17:22:36.213  INFO 24272 --- [http-nio-8181-exec-1] c.a.m.u.security.UserDetailsServiceImpl  : 用户详情加载成功，用户ID: 2
2024-12-30 17:52:17.557  WARN 24272 --- [HikariPool-1 housekeeper] com.zaxxer.hikari.pool.HikariPool        : HikariPool-1 - Thread starvation or clock leap detected (housekeeper delta=3m21s434ms504µs400ns).
2024-12-30 18:59:09.704  WARN 24272 --- [HikariPool-1 housekeeper] com.zaxxer.hikari.pool.HikariPool        : HikariPool-1 - Thread starvation or clock leap detected (housekeeper delta=1h5m52s129ms208µs).
2024-12-30 19:16:17.704  WARN 24272 --- [HikariPool-1 housekeeper] com.zaxxer.hikari.pool.HikariPool        : HikariPool-1 - Thread starvation or clock leap detected (housekeeper delta=14m37s951ms767µs800ns).
2024-12-30 21:33:28.425  WARN 24272 --- [HikariPool-1 housekeeper] com.zaxxer.hikari.pool.HikariPool        : HikariPool-1 - Thread starvation or clock leap detected (housekeeper delta=26m8s965ms483µs800ns).
2024-12-30 21:46:11.801  WARN 24272 --- [HikariPool-1 housekeeper] com.zaxxer.hikari.pool.HikariPool        : HikariPool-1 - Thread starvation or clock leap detected (housekeeper delta=7m13s305ms60µs300ns).
2024-12-30 22:22:22.606  WARN 24272 --- [HikariPool-1 housekeeper] com.zaxxer.hikari.pool.HikariPool        : HikariPool-1 - Thread starvation or clock leap detected (housekeeper delta=23m40s638ms288µs).
2024-12-30 22:22:41.963  INFO 24272 --- [SpringApplicationShutdownHook] com.zaxxer.hikari.HikariDataSource       : HikariPool-1 - Shutdown initiated...
